<?xml version="1.0" encoding="UTF-8"?>
<!-- Generated by org.testng.reporters.JUnitXMLReporter -->
<testsuite ignored="0" hostname="DESKTOP-2JBFBCA" failures="0" tests="4" name="Default test" time="37.827" errors="0" timestamp="2023-09-12T12:41:10 EDT">
  <testcase classname="com.tutorialsninja.qa.testcases.RegisterTest" name="verifyRegisteringAnAccountWithMandatoryFields" time="1.744"/>
  <testcase classname="com.tutorialsninja.qa.testcases.RegisterTest" name="verifyRegisteringAccountByProvidingAllFields" time="1.838"/>
  <testcase classname="com.tutorialsninja.qa.testcases.RegisterTest" name="verifyRegisteringAccountWithExistingEmailAddress" time="1.416"/>
  <testcase classname="com.tutorialsninja.qa.testcases.RegisterTest" name="verifyRegisteringAccountWithoutFillingAnyDetails" time="0.793"/>
</testsuite> <!-- Default test -->
